{"total": {"lines":{"total":127,"covered":17,"skipped":0,"pct":13.38},"statements":{"total":130,"covered":17,"skipped":0,"pct":13.07},"functions":{"total":63,"covered":2,"skipped":0,"pct":3.17},"branches":{"total":13,"covered":0,"skipped":0,"pct":0},"branchesTrue":{"total":0,"covered":0,"skipped":0,"pct":100}}
,"C:/Users/lulus/Desktop/factory-app/src/App.tsx": {"lines":{"total":4,"covered":0,"skipped":0,"pct":0},"functions":{"total":2,"covered":0,"skipped":0,"pct":0},"statements":{"total":4,"covered":0,"skipped":0,"pct":0},"branches":{"total":0,"covered":0,"skipped":0,"pct":100}}
,"C:/Users/lulus/Desktop/factory-app/src/layout.tsx": {"lines":{"total":9,"covered":0,"skipped":0,"pct":0},"functions":{"total":4,"covered":0,"skipped":0,"pct":0},"statements":{"total":9,"covered":0,"skipped":0,"pct":0},"branches":{"total":2,"covered":0,"skipped":0,"pct":0}}
,"C:/Users/lulus/Desktop/factory-app/src/main.tsx": {"lines":{"total":1,"covered":0,"skipped":0,"pct":0},"functions":{"total":0,"covered":0,"skipped":0,"pct":100},"statements":{"total":1,"covered":0,"skipped":0,"pct":0},"branches":{"total":0,"covered":0,"skipped":0,"pct":100}}
,"C:/Users/lulus/Desktop/factory-app/src/api/auth.ts": {"lines":{"total":12,"covered":0,"skipped":0,"pct":0},"functions":{"total":9,"covered":0,"skipped":0,"pct":0},"statements":{"total":12,"covered":0,"skipped":0,"pct":0},"branches":{"total":0,"covered":0,"skipped":0,"pct":100}}
,"C:/Users/lulus/Desktop/factory-app/src/api/components.ts": {"lines":{"total":4,"covered":1,"skipped":0,"pct":25},"functions":{"total":3,"covered":0,"skipped":0,"pct":0},"statements":{"total":4,"covered":1,"skipped":0,"pct":25},"branches":{"total":0,"covered":0,"skipped":0,"pct":100}}
,"C:/Users/lulus/Desktop/factory-app/src/api/instance.ts": {"lines":{"total":25,"covered":4,"skipped":0,"pct":16},"functions":{"total":7,"covered":0,"skipped":0,"pct":0},"statements":{"total":26,"covered":4,"skipped":0,"pct":15.38},"branches":{"total":7,"covered":0,"skipped":0,"pct":0}}
,"C:/Users/lulus/Desktop/factory-app/src/api/orders.ts": {"lines":{"total":4,"covered":0,"skipped":0,"pct":0},"functions":{"total":3,"covered":0,"skipped":0,"pct":0},"statements":{"total":4,"covered":0,"skipped":0,"pct":0},"branches":{"total":0,"covered":0,"skipped":0,"pct":100}}
,"C:/Users/lulus/Desktop/factory-app/src/pages/NotFound.tsx": {"lines":{"total":2,"covered":0,"skipped":0,"pct":0},"functions":{"total":1,"covered":0,"skipped":0,"pct":0},"statements":{"total":2,"covered":0,"skipped":0,"pct":0},"branches":{"total":0,"covered":0,"skipped":0,"pct":100}}
,"C:/Users/lulus/Desktop/factory-app/src/pages/Components/index.tsx": {"lines":{"total":13,"covered":1,"skipped":0,"pct":7.69},"functions":{"total":4,"covered":0,"skipped":0,"pct":0},"statements":{"total":13,"covered":1,"skipped":0,"pct":7.69},"branches":{"total":2,"covered":0,"skipped":0,"pct":0}}
,"C:/Users/lulus/Desktop/factory-app/src/pages/Contractors/index.tsx": {"lines":{"total":2,"covered":1,"skipped":0,"pct":50},"functions":{"total":1,"covered":0,"skipped":0,"pct":0},"statements":{"total":2,"covered":1,"skipped":0,"pct":50},"branches":{"total":0,"covered":0,"skipped":0,"pct":100}}
,"C:/Users/lulus/Desktop/factory-app/src/pages/ErrorPage/index.tsx": {"lines":{"total":2,"covered":1,"skipped":0,"pct":50},"functions":{"total":1,"covered":0,"skipped":0,"pct":0},"statements":{"total":2,"covered":1,"skipped":0,"pct":50},"branches":{"total":0,"covered":0,"skipped":0,"pct":100}}
,"C:/Users/lulus/Desktop/factory-app/src/pages/Home/index.tsx": {"lines":{"total":3,"covered":3,"skipped":0,"pct":100},"functions":{"total":1,"covered":1,"skipped":0,"pct":100},"statements":{"total":3,"covered":3,"skipped":0,"pct":100},"branches":{"total":0,"covered":0,"skipped":0,"pct":100}}
,"C:/Users/lulus/Desktop/factory-app/src/pages/Login/index.tsx": {"lines":{"total":10,"covered":0,"skipped":0,"pct":0},"functions":{"total":6,"covered":0,"skipped":0,"pct":0},"statements":{"total":10,"covered":0,"skipped":0,"pct":0},"branches":{"total":0,"covered":0,"skipped":0,"pct":100}}
,"C:/Users/lulus/Desktop/factory-app/src/pages/Orders/index.tsx": {"lines":{"total":2,"covered":1,"skipped":0,"pct":50},"functions":{"total":1,"covered":0,"skipped":0,"pct":0},"statements":{"total":2,"covered":1,"skipped":0,"pct":50},"branches":{"total":0,"covered":0,"skipped":0,"pct":100}}
,"C:/Users/lulus/Desktop/factory-app/src/pages/Orders/components/AddNewOrder.tsx": {"lines":{"total":31,"covered":2,"skipped":0,"pct":6.45},"functions":{"total":19,"covered":0,"skipped":0,"pct":0},"statements":{"total":33,"covered":2,"skipped":0,"pct":6.06},"branches":{"total":2,"covered":0,"skipped":0,"pct":0}}
,"C:/Users/lulus/Desktop/factory-app/src/pages/Products/index.tsx": {"lines":{"total":3,"covered":3,"skipped":0,"pct":100},"functions":{"total":1,"covered":1,"skipped":0,"pct":100},"statements":{"total":3,"covered":3,"skipped":0,"pct":100},"branches":{"total":0,"covered":0,"skipped":0,"pct":100}}
}
